<?xml version="1.0" encoding="UTF-8"?>
<!-- Generated by org.testng.reporters.JUnitReportReporter -->
<testsuite hostname="mukta" failures="0" tests="4" name="testNg.VerifyHomepageWebElements" time="0.487" errors="0" timestamp="2023-04-08T01:34:30 IST" skipped="0">
  <testcase classname="testNg.VerifyHomepageWebElements" name="verifyToTopisDisplayed" time="0.094"/>
  <system-out/>
  <testcase classname="testNg.VerifyHomepageWebElements" name="verify" time="0.184"/>
  <system-out/>
  <testcase classname="testNg.VerifyHomepageWebElements" name="verifyToTopisDisplayed" time="0.095"/>
  <system-out/>
  <testcase classname="testNg.VerifyHomepageWebElements" name="verify" time="0.114"/>
  <system-out/>
</testsuite> <!-- testNg.VerifyHomepageWebElements -->
